

Microchip Technology PIC18 LITE Macro Assembler V1.36 build -262312587 
                                                                                               Mon Feb 29 09:19:10 2016

Microchip Technology Omniscient Code Generator v1.36 (Free mode) build 201601150325
     1                           	processor	18F25K50
     2                           	fnconf	rparam,??,?,0
     3                           	opt	pw 120
     4                           	opt	lm
     5                           	psect	idataCOMRAM,global,class=CODE,delta=1
     6                           	psect	nvCOMRAM,global,class=COMRAM,space=1,delta=1
     7                           	psect	cinit,global,reloc=2,class=CODE,delta=1
     8                           	psect	dataCOMRAM,global,class=COMRAM,space=1,delta=1
     9                           	psect	cstackCOMRAM,global,class=COMRAM,space=1,delta=1
    10                           	psect	text0,global,reloc=2,class=CODE,delta=1
    11                           	psect	text1,global,reloc=2,class=CODE,delta=1
    12                           	psect	text2,global,reloc=2,class=CODE,delta=1
    13                           	psect	text3,global,reloc=2,class=CODE,delta=1
    14                           	psect	text4,global,reloc=2,class=CODE,delta=1
    15                           	psect	text5,global,reloc=2,class=CODE,delta=1
    16                           	psect	text6,global,reloc=2,class=CODE,delta=1
    17                           	psect	intsave_regs,global,class=BIGRAM,space=1,delta=1
    18                           	psect	rparam,global,class=COMRAM,space=1,delta=1
    19  0000                     
    20                           	psect	idataCOMRAM
    21  0079F7                     __pidataCOMRAM:
    22                           	opt stack 0
    23                           
    24                           ;initializer for _Mouse
    25                           ;main.c: 13: int Dog = 3;
    26                           ;main.c: 14: char Cat = 'a';
    27                           ;main.c: 15: float Rat = 3.45;
    28  0079F7  1E                 	db	30
    29  0079F8  16                 	db	22
    30  0079F9  40                 	db	64
    31                           
    32                           ;initializer for _Rat
    33  0079FA  CD                 	db	205
    34  0079FB  5C                 	db	92
    35  0079FC  40                 	db	64
    36                           
    37                           ;initializer for _Dog
    38  0079FD  0003               	dw	3
    39                           
    40                           ;initializer for _Cat
    41  0079FF  61                 	db	97
    42                           
    43                           	psect	nvCOMRAM
    44  000033                     __pnvCOMRAM:
    45                           	opt stack 0
    46  000033                     _Ans:
    47                           	opt stack 0
    48  000033                     	ds	3
    49  000036                     _i:
    50                           	opt stack 0
    51  000036                     	ds	2
    52                           
    53                           ; #config settings
    54                           
    55                           	psect	cinit
    56  007A24                     __pcinit:
    57                           	opt stack 0
    58  007A24                     start_initialization:
    59                           	opt stack 0
    60  007A24                     __initialization:
    61                           	opt stack 0
    62                           
    63                           ; Initialize objects allocated to COMRAM (9 bytes)
    64                           ; load TBLPTR registers with __pidataCOMRAM
    65  007A24  0EF7               	movlw	low __pidataCOMRAM
    66  007A26  6EF6               	movwf	tblptrl,c
    67  007A28  0E79               	movlw	high __pidataCOMRAM
    68  007A2A  6EF7               	movwf	tblptrh,c
    69  007A2C  0E00               	movlw	low (__pidataCOMRAM shr (0+16))
    70  007A2E  6EF8               	movwf	tblptru,c
    71  007A30  EE00  F02A         	lfsr	0,__pdataCOMRAM
    72  007A34  EE10 F009          	lfsr	1,9
    73  007A38                     copy_data0:
    74  007A38  0009               	tblrd		*+
    75  007A3A  CFF5 FFEE          	movff	tablat,postinc0
    76  007A3E  50E5               	movf	postdec1,w,c
    77  007A40  50E1               	movf	fsr1l,w,c
    78  007A42  E1FA               	bnz	copy_data0
    79  007A44                     end_of_initialization:
    80                           	opt stack 0
    81  007A44                     __end_of__initialization:
    82                           	opt stack 0
    83  007A44  0E00               	movlw	low (__Lmediumconst shr (0+16))
    84  007A46  6EF8               	movwf	tblptru,c
    85  007A48  0100               	movlb	0
    86  007A4A  EF5C  F03E         	goto	_main	;jump to C main() function
    87                           tblptru	equ	0xFF8
    88                           tblptrh	equ	0xFF7
    89                           tblptrl	equ	0xFF6
    90                           tablat	equ	0xFF5
    91                           postinc0	equ	0xFEE
    92                           postdec1	equ	0xFE5
    93                           fsr1l	equ	0xFE1
    94                           
    95                           	psect	dataCOMRAM
    96  00002A                     __pdataCOMRAM:
    97                           	opt stack 0
    98  00002A                     _Mouse:
    99                           	opt stack 0
   100  00002A                     	ds	3
   101  00002D                     _Rat:
   102                           	opt stack 0
   103  00002D                     	ds	3
   104  000030                     _Dog:
   105                           	opt stack 0
   106  000030                     	ds	2
   107  000032                     _Cat:
   108                           	opt stack 0
   109  000032                     	ds	1
   110                           tblptru	equ	0xFF8
   111                           tblptrh	equ	0xFF7
   112                           tblptrl	equ	0xFF6
   113                           tablat	equ	0xFF5
   114                           postinc0	equ	0xFEE
   115                           postdec1	equ	0xFE5
   116                           fsr1l	equ	0xFE1
   117                           
   118                           	psect	cstackCOMRAM
   119  000001                     __pcstackCOMRAM:
   120                           	opt stack 0
   121  000001                     ?___ftpack:
   122                           	opt stack 0
   123  000001                     ___ftpack@arg:
   124                           	opt stack 0
   125  000001                     ___ftge@ff1:
   126                           	opt stack 0
   127                           
   128                           ; 3 bytes @ 0x0
   129  000001                     	ds	3
   130  000004                     ___ftpack@exp:
   131                           	opt stack 0
   132  000004                     ___ftge@ff2:
   133                           	opt stack 0
   134                           
   135                           ; 3 bytes @ 0x3
   136  000004                     	ds	1
   137  000005                     ___ftpack@sign:
   138                           	opt stack 0
   139                           
   140                           ; 1 bytes @ 0x4
   141  000005                     	ds	1
   142  000006                     ??___ftpack:
   143                           
   144                           ; 1 bytes @ 0x5
   145  000006                     	ds	1
   146  000007                     ??___ftge:
   147                           
   148                           ; 1 bytes @ 0x6
   149  000007                     	ds	2
   150  000009                     ?___awtoft:
   151                           	opt stack 0
   152  000009                     ?___lbtoft:
   153                           	opt stack 0
   154  000009                     ___awtoft@c:
   155                           	opt stack 0
   156                           
   157                           ; 2 bytes @ 0x8
   158  000009                     	ds	3
   159  00000C                     ___awtoft@sign:
   160                           	opt stack 0
   161  00000C                     ___lbtoft@c:
   162                           	opt stack 0
   163                           
   164                           ; 1 bytes @ 0xB
   165  00000C                     	ds	1
   166  00000D                     ?___ftmul:
   167                           	opt stack 0
   168  00000D                     ___ftmul@f1:
   169                           	opt stack 0
   170                           
   171                           ; 3 bytes @ 0xC
   172  00000D                     	ds	3
   173  000010                     ___ftmul@f2:
   174                           	opt stack 0
   175                           
   176                           ; 3 bytes @ 0xF
   177  000010                     	ds	3
   178  000013                     ??___ftmul:
   179                           
   180                           ; 1 bytes @ 0x12
   181  000013                     	ds	3
   182  000016                     ___ftmul@exp:
   183                           	opt stack 0
   184                           
   185                           ; 1 bytes @ 0x15
   186  000016                     	ds	1
   187  000017                     ___ftmul@f3_as_product:
   188                           	opt stack 0
   189                           
   190                           ; 3 bytes @ 0x16
   191  000017                     	ds	3
   192  00001A                     ___ftmul@cntr:
   193                           	opt stack 0
   194                           
   195                           ; 1 bytes @ 0x19
   196  00001A                     	ds	1
   197  00001B                     ___ftmul@sign:
   198                           	opt stack 0
   199                           
   200                           ; 1 bytes @ 0x1A
   201  00001B                     	ds	1
   202  00001C                     ?___ftadd:
   203                           	opt stack 0
   204  00001C                     ___ftadd@f1:
   205                           	opt stack 0
   206                           
   207                           ; 3 bytes @ 0x1B
   208  00001C                     	ds	3
   209  00001F                     ___ftadd@f2:
   210                           	opt stack 0
   211                           
   212                           ; 3 bytes @ 0x1E
   213  00001F                     	ds	3
   214  000022                     ??___ftadd:
   215                           
   216                           ; 1 bytes @ 0x21
   217  000022                     	ds	3
   218  000025                     ___ftadd@sign:
   219                           	opt stack 0
   220                           
   221                           ; 1 bytes @ 0x24
   222  000025                     	ds	1
   223  000026                     ___ftadd@exp2:
   224                           	opt stack 0
   225                           
   226                           ; 1 bytes @ 0x25
   227  000026                     	ds	1
   228  000027                     ___ftadd@exp1:
   229                           	opt stack 0
   230                           
   231                           ; 1 bytes @ 0x26
   232  000027                     	ds	1
   233  000028                     ??_main:
   234                           
   235                           ; 1 bytes @ 0x27
   236  000028                     	ds	2
   237                           tblptru	equ	0xFF8
   238                           tblptrh	equ	0xFF7
   239                           tblptrl	equ	0xFF6
   240                           tablat	equ	0xFF5
   241                           postinc0	equ	0xFEE
   242                           postdec1	equ	0xFE5
   243                           fsr1l	equ	0xFE1
   244                           
   245 ;;
   246 ;;Main: autosize = 0, tempsize = 2, incstack = 0, save=0
   247 ;;
   248 ;; *************** function _main *****************
   249 ;; Defined at:
   250 ;;		line 20 in file "C:\Users\CarlosAndrés\MPLABXProjects\PrimerProyecto.X\main.c"
   251 ;; Parameters:    Size  Location     Type
   252 ;;		None
   253 ;; Auto vars:     Size  Location     Type
   254 ;;		None
   255 ;; Return value:  Size  Location     Type
   256 ;;                  1    wreg      void 
   257 ;; Registers used:
   258 ;;		wreg, status,2, status,0, cstack
   259 ;; Tracked objects:
   260 ;;		On entry : 0/0
   261 ;;		On exit  : 0/0
   262 ;;		Unchanged: 0/0
   263 ;; Data sizes:     COMRAM   BANK0   BANK1   BANK2   BANK3   BANK4   BANK5   BANK6   BANK7
   264 ;;      Params:         0       0       0       0       0       0       0       0       0
   265 ;;      Locals:         0       0       0       0       0       0       0       0       0
   266 ;;      Temps:          2       0       0       0       0       0       0       0       0
   267 ;;      Totals:         2       0       0       0       0       0       0       0       0
   268 ;;Total ram usage:        2 bytes
   269 ;; Hardware stack levels required when called:    2
   270 ;; This function calls:
   271 ;;		___awtoft
   272 ;;		___ftadd
   273 ;;		___ftge
   274 ;;		___ftmul
   275 ;;		___lbtoft
   276 ;; This function is called by:
   277 ;;		Startup code after reset
   278 ;; This function uses a non-reentrant model
   279 ;;
   280                           
   281                           	psect	text0
   282  007CB8                     __ptext0:
   283                           	opt stack 0
   284  007CB8                     _main:
   285                           	opt stack 29
   286  007CB8                     
   287                           ;main.c: 23: Ans = Rat + Cat;
   288  007CB8  5032               	movf	_Cat,w,c
   289  007CBA  EC00  F03D         	call	___lbtoft
   290  007CBE  C009  F01C         	movff	?___lbtoft,___ftadd@f1
   291  007CC2  C00A  F01D         	movff	?___lbtoft+1,___ftadd@f1+1
   292  007CC6  C00B  F01E         	movff	?___lbtoft+2,___ftadd@f1+2
   293  007CCA  C02D  F01F         	movff	_Rat,___ftadd@f2
   294  007CCE  C02E  F020         	movff	_Rat+1,___ftadd@f2+1
   295  007CD2  C02F  F021         	movff	_Rat+2,___ftadd@f2+2
   296  007CD6  EC2A  F03F         	call	___ftadd	;wreg free
   297  007CDA  C01C  F033         	movff	?___ftadd,_Ans
   298  007CDE  C01D  F034         	movff	?___ftadd+1,_Ans+1
   299  007CE2  C01E  F035         	movff	?___ftadd+2,_Ans+2
   300                           
   301                           ;main.c: 25: for (i = 0; i < 10; i++) {
   302  007CE6  0E00               	movlw	0
   303  007CE8  6E37               	movwf	_i+1,c
   304  007CEA  0E00               	movlw	0
   305  007CEC  6E36               	movwf	_i,c
   306  007CEE                     l1082:
   307  007CEE  BE37               	btfsc	_i+1,7,c
   308  007CF0  D006               	goto	l1086
   309  007CF2  5037               	movf	_i+1,w,c
   310  007CF4  E157               	bnz	l1106
   311  007CF6  0E0A               	movlw	10
   312  007CF8  5C36               	subwf	_i,w,c
   313  007CFA  B0D8               	btfsc	status,0,c
   314  007CFC  D053               	goto	l1106
   315  007CFE                     l1086:
   316                           
   317                           ;main.c: 27: Ans += i*Mouse;
   318  007CFE  C033  F01C         	movff	_Ans,___ftadd@f1
   319  007D02  C034  F01D         	movff	_Ans+1,___ftadd@f1+1
   320  007D06  C035  F01E         	movff	_Ans+2,___ftadd@f1+2
   321  007D0A  C02A  F010         	movff	_Mouse,___ftmul@f2
   322  007D0E  C02B  F011         	movff	_Mouse+1,___ftmul@f2+1
   323  007D12  C02C  F012         	movff	_Mouse+2,___ftmul@f2+2
   324  007D16  C036  F009         	movff	_i,___awtoft@c
   325  007D1A  C037  F00A         	movff	_i+1,___awtoft@c+1
   326  007D1E  EC27  F03D         	call	___awtoft	;wreg free
   327  007D22  C009  F00D         	movff	?___awtoft,___ftmul@f1
   328  007D26  C00A  F00E         	movff	?___awtoft+1,___ftmul@f1+1
   329  007D2A  C00B  F00F         	movff	?___awtoft+2,___ftmul@f1+2
   330  007D2E  ECE2  F03D         	call	___ftmul	;wreg free
   331  007D32  C00D  F01F         	movff	?___ftmul,___ftadd@f2
   332  007D36  C00E  F020         	movff	?___ftmul+1,___ftadd@f2+1
   333  007D3A  C00F  F021         	movff	?___ftmul+2,___ftadd@f2+2
   334  007D3E  EC2A  F03F         	call	___ftadd	;wreg free
   335  007D42  C01C  F033         	movff	?___ftadd,_Ans
   336  007D46  C01D  F034         	movff	?___ftadd+1,_Ans+1
   337  007D4A  C01E  F035         	movff	?___ftadd+2,_Ans+2
   338                           
   339                           ;main.c: 28: Ans = 2;
   340  007D4E  0E00               	movlw	0
   341  007D50  6E33               	movwf	_Ans,c
   342  007D52  0E00               	movlw	0
   343  007D54  6E34               	movwf	_Ans+1,c
   344  007D56  0E40               	movlw	64
   345  007D58  6E35               	movwf	_Ans+2,c
   346                           
   347                           ;main.c: 29: if (Ans > 10) {
   348  007D5A  0E00               	movlw	0
   349  007D5C  6E01               	movwf	___ftge@ff1,c
   350  007D5E  0E20               	movlw	32
   351  007D60  6E02               	movwf	___ftge@ff1+1,c
   352  007D62  0E41               	movlw	65
   353  007D64  6E03               	movwf	___ftge@ff1+2,c
   354  007D66  C033  F004         	movff	_Ans,___ftge@ff2
   355  007D6A  C034  F005         	movff	_Ans+1,___ftge@ff2+1
   356  007D6E  C035  F006         	movff	_Ans+2,___ftge@ff2+2
   357  007D72  EC43  F03D         	call	___ftge	;wreg free
   358  007D76  A0D8               	btfss	status,0,c
   359  007D78  D015               	goto	l1106
   360                           
   361                           ;main.c: 34: } else if (Mouse == 3) {
   362                           
   363                           ;main.c: 31: break;
   364  007D7A  0E40               	movlw	64
   365  007D7C  182B               	xorwf	_Mouse+1,w,c
   366  007D7E  E109               	bnz	l1100
   367  007D80  0E40               	movlw	64
   368  007D82  182C               	xorwf	_Mouse+2,w,c
   369  007D84  102A               	iorwf	_Mouse,w,c
   370  007D86  A4D8               	btfss	status,2,c
   371  007D88  D004               	goto	l1100
   372                           
   373                           ;main.c: 35: Mouse = 2;
   374  007D8A  0E00               	movlw	0
   375  007D8C  6E2A               	movwf	_Mouse,c
   376  007D8E  0E00               	movlw	0
   377  007D90  D003               	goto	L1
   378  007D92                     l1100:
   379                           
   380                           ;main.c: 37: Mouse = 2.3456;
   381  007D92  0E1E               	movlw	30
   382  007D94  6E2A               	movwf	_Mouse,c
   383  007D96  0E16               	movlw	22
   384  007D98                     L1:
   385  007D98  6E2B               	movwf	_Mouse+1,c
   386  007D9A  0E40               	movlw	64
   387  007D9C  6E2C               	movwf	_Mouse+2,c
   388  007D9E  4A36               	infsnz	_i,f,c
   389  007DA0  2A37               	incf	_i+1,f,c
   390  007DA2  D7A5               	goto	l1082
   391  007DA4                     l1106:
   392                           
   393                           ;main.c: 43: Mouse = Rat + 1;
   394  007DA4  C02D  F01C         	movff	_Rat,___ftadd@f1
   395  007DA8  C02E  F01D         	movff	_Rat+1,___ftadd@f1+1
   396  007DAC  C02F  F01E         	movff	_Rat+2,___ftadd@f1+2
   397  007DB0  0E00               	movlw	0
   398  007DB2  6E1F               	movwf	___ftadd@f2,c
   399  007DB4  0E80               	movlw	128
   400  007DB6  6E20               	movwf	___ftadd@f2+1,c
   401  007DB8  0E3F               	movlw	63
   402  007DBA  6E21               	movwf	___ftadd@f2+2,c
   403  007DBC  EC2A  F03F         	call	___ftadd	;wreg free
   404  007DC0  C01C  F02A         	movff	?___ftadd,_Mouse
   405  007DC4  C01D  F02B         	movff	?___ftadd+1,_Mouse+1
   406  007DC8  C01E  F02C         	movff	?___ftadd+2,_Mouse+2
   407                           
   408                           ;main.c: 44: Rat = 2 / 3;
   409  007DCC  0E00               	movlw	0
   410  007DCE  6E2D               	movwf	_Rat,c
   411  007DD0  0E00               	movlw	0
   412  007DD2  6E2E               	movwf	_Rat+1,c
   413  007DD4  0E00               	movlw	0
   414  007DD6  6E2F               	movwf	_Rat+2,c
   415                           
   416                           ;main.c: 46: if (Rat < 1) {
   417  007DD8  C02D  F001         	movff	_Rat,___ftge@ff1
   418  007DDC  C02E  F002         	movff	_Rat+1,___ftge@ff1+1
   419  007DE0  C02F  F003         	movff	_Rat+2,___ftge@ff1+2
   420  007DE4  0E00               	movlw	0
   421  007DE6  6E04               	movwf	___ftge@ff2,c
   422  007DE8  0E80               	movlw	128
   423  007DEA  6E05               	movwf	___ftge@ff2+1,c
   424  007DEC  0E3F               	movlw	63
   425  007DEE  6E06               	movwf	___ftge@ff2+2,c
   426  007DF0  EC43  F03D         	call	___ftge	;wreg free
   427  007DF4  A0D8               	btfss	status,0,c
   428  007DF6  D015               	goto	l1122
   429  007DF8  D7D5               	goto	l1106
   430  007DFA                     l1116:
   431                           
   432                           ;main.c: 58: Rat = 0;
   433  007DFA  0E00               	movlw	0
   434  007DFC  6E2D               	movwf	_Rat,c
   435  007DFE  0E00               	movlw	0
   436  007E00  6E2E               	movwf	_Rat+1,c
   437  007E02  0E00               	movlw	0
   438  007E04  D00B               	goto	L2
   439  007E06                     l1118:
   440                           
   441                           ;main.c: 62: case 3:
   442                           ;main.c: 64: case 4:
   443                           ;main.c: 65: Rat = 10;
   444  007E06  0E00               	movlw	0
   445  007E08  6E2D               	movwf	_Rat,c
   446  007E0A  0E20               	movlw	32
   447  007E0C  6E2E               	movwf	_Rat+1,c
   448  007E0E  0E41               	movlw	65
   449  007E10  6E2F               	movwf	_Rat+2,c
   450  007E12                     l33:
   451                           
   452                           ;main.c: 67: Rat = 100;
   453  007E12  0E00               	movlw	0
   454  007E14  6E2D               	movwf	_Rat,c
   455  007E16  0EC8               	movlw	200
   456  007E18  6E2E               	movwf	_Rat+1,c
   457  007E1A  0E42               	movlw	66
   458  007E1C                     L2:
   459  007E1C  6E2F               	movwf	_Rat+2,c
   460                           
   461                           ;main.c: 69: }
   462                           
   463                           ;main.c: 68: break;
   464  007E1E  EF00  F000         	goto	start
   465  007E22                     l1122:
   466  007E22  C036  F028         	movff	_i,??_main
   467  007E26  C037  F029         	movff	_i+1,??_main+1
   468                           
   469                           ; Switch on 2 bytes has been partitioned into a top level switch of size 1, and 1 sub-sw
      +                          itches
   470                           ; Switch size 1, requested type "space"
   471                           ; Number of cases is 1, Range of values is 0 to 0
   472                           ; switch strategies available:
   473                           ; Name         Instructions Cycles
   474                           ; simple_byte            4     3 (average)
   475                           ;	Chosen strategy is simple_byte
   476  007E2A  5029               	movf	??_main+1,w,c
   477  007E2C  0A00               	xorlw	0	; case 0
   478  007E2E  A4D8               	btfss	status,2,c
   479  007E30  D7F0               	goto	l33
   480                           
   481                           ; Switch size 1, requested type "space"
   482                           ; Number of cases is 5, Range of values is 0 to 4
   483                           ; switch strategies available:
   484                           ; Name         Instructions Cycles
   485                           ; simple_byte           16     9 (average)
   486                           ;	Chosen strategy is simple_byte
   487  007E32  5028               	movf	??_main,w,c
   488  007E34  0A00               	xorlw	0	; case 0
   489  007E36  B4D8               	btfsc	status,2,c
   490  007E38  D73F               	goto	l1078
   491  007E3A  0A01               	xorlw	1	; case 1
   492  007E3C  B4D8               	btfsc	status,2,c
   493  007E3E  D7DD               	goto	l1116
   494  007E40  0A03               	xorlw	3	; case 2
   495  007E42  B4D8               	btfsc	status,2,c
   496  007E44  D7E0               	goto	l1118
   497  007E46  0A01               	xorlw	1	; case 3
   498  007E48  B4D8               	btfsc	status,2,c
   499  007E4A  D7DD               	goto	l1118
   500  007E4C  0A07               	xorlw	7	; case 4
   501  007E4E  B4D8               	btfsc	status,2,c
   502  007E50  D7DA               	goto	l1118
   503  007E52  D7DF               	goto	l33
   504  007E54                     __end_of_main:
   505                           	opt stack 0
   506                           tblptru	equ	0xFF8
   507                           tblptrh	equ	0xFF7
   508                           tblptrl	equ	0xFF6
   509                           tablat	equ	0xFF5
   510                           postinc0	equ	0xFEE
   511                           postdec1	equ	0xFE5
   512                           fsr1l	equ	0xFE1
   513                           status	equ	0xFD8
   514                           
   515 ;; *************** function ___lbtoft *****************
   516 ;; Defined at:
   517 ;;		line 27 in file "C:\Program Files (x86)\Microchip\xc8\v1.36\sources\common\lbtoft.c"
   518 ;; Parameters:    Size  Location     Type
   519 ;;  c               1    wreg     unsigned char 
   520 ;; Auto vars:     Size  Location     Type
   521 ;;  c               1   11[COMRAM] unsigned char 
   522 ;; Return value:  Size  Location     Type
   523 ;;                  3    8[COMRAM] float 
   524 ;; Registers used:
   525 ;;		wreg, status,2, status,0, cstack
   526 ;; Tracked objects:
   527 ;;		On entry : 0/0
   528 ;;		On exit  : 0/0
   529 ;;		Unchanged: 0/0
   530 ;; Data sizes:     COMRAM   BANK0   BANK1   BANK2   BANK3   BANK4   BANK5   BANK6   BANK7
   531 ;;      Params:         3       0       0       0       0       0       0       0       0
   532 ;;      Locals:         1       0       0       0       0       0       0       0       0
   533 ;;      Temps:          0       0       0       0       0       0       0       0       0
   534 ;;      Totals:         4       0       0       0       0       0       0       0       0
   535 ;;Total ram usage:        4 bytes
   536 ;; Hardware stack levels used:    1
   537 ;; Hardware stack levels required when called:    1
   538 ;; This function calls:
   539 ;;		___ftpack
   540 ;; This function is called by:
   541 ;;		_main
   542 ;; This function uses a non-reentrant model
   543 ;;
   544                           
   545                           	psect	text1
   546  007A00                     __ptext1:
   547                           	opt stack 0
   548  007A00                     ___lbtoft:
   549                           	opt stack 29
   550                           
   551                           ;incstack = 0
   552                           ;___lbtoft@c stored from wreg
   553  007A00  6E0C               	movwf	___lbtoft@c,c
   554  007A02  500C               	movf	___lbtoft@c,w,c
   555  007A04  6E01               	movwf	___ftpack@arg,c
   556  007A06  6A02               	clrf	___ftpack@arg+1,c
   557  007A08  6A03               	clrf	___ftpack@arg+2,c
   558  007A0A  0E8E               	movlw	142
   559  007A0C  6E04               	movwf	___ftpack@exp,c
   560  007A0E  0E00               	movlw	0
   561  007A10  6E05               	movwf	___ftpack@sign,c
   562  007A12  EC8B  F03D         	call	___ftpack	;wreg free
   563  007A16  C001  F009         	movff	?___ftpack,?___lbtoft
   564  007A1A  C002  F00A         	movff	?___ftpack+1,?___lbtoft+1
   565  007A1E  C003  F00B         	movff	?___ftpack+2,?___lbtoft+2
   566  007A22  0012               	return	
   567  007A24                     __end_of___lbtoft:
   568                           	opt stack 0
   569                           tblptru	equ	0xFF8
   570                           tblptrh	equ	0xFF7
   571                           tblptrl	equ	0xFF6
   572                           tablat	equ	0xFF5
   573                           postinc0	equ	0xFEE
   574                           postdec1	equ	0xFE5
   575                           fsr1l	equ	0xFE1
   576                           status	equ	0xFD8
   577                           
   578 ;; *************** function ___ftmul *****************
   579 ;; Defined at:
   580 ;;		line 62 in file "C:\Program Files (x86)\Microchip\xc8\v1.36\sources\common\ftmul.c"
   581 ;; Parameters:    Size  Location     Type
   582 ;;  f1              3   12[COMRAM] float 
   583 ;;  f2              3   15[COMRAM] float 
   584 ;; Auto vars:     Size  Location     Type
   585 ;;  f3_as_produc    3   22[COMRAM] unsigned um
   586 ;;  sign            1   26[COMRAM] unsigned char 
   587 ;;  cntr            1   25[COMRAM] unsigned char 
   588 ;;  exp             1   21[COMRAM] unsigned char 
   589 ;; Return value:  Size  Location     Type
   590 ;;                  3   12[COMRAM] float 
   591 ;; Registers used:
   592 ;;		wreg, status,2, status,0, cstack
   593 ;; Tracked objects:
   594 ;;		On entry : 0/0
   595 ;;		On exit  : 0/0
   596 ;;		Unchanged: 0/0
   597 ;; Data sizes:     COMRAM   BANK0   BANK1   BANK2   BANK3   BANK4   BANK5   BANK6   BANK7
   598 ;;      Params:         6       0       0       0       0       0       0       0       0
   599 ;;      Locals:         6       0       0       0       0       0       0       0       0
   600 ;;      Temps:          3       0       0       0       0       0       0       0       0
   601 ;;      Totals:        15       0       0       0       0       0       0       0       0
   602 ;;Total ram usage:       15 bytes
   603 ;; Hardware stack levels used:    1
   604 ;; Hardware stack levels required when called:    1
   605 ;; This function calls:
   606 ;;		___ftpack
   607 ;; This function is called by:
   608 ;;		_main
   609 ;; This function uses a non-reentrant model
   610 ;;
   611                           
   612                           	psect	text2
   613  007BC4                     __ptext2:
   614                           	opt stack 0
   615  007BC4                     ___ftmul:
   616                           	opt stack 29
   617                           
   618                           ;incstack = 0
   619  007BC4  C00F  F013         	movff	___ftmul@f1+2,??___ftmul
   620  007BC8  6A14               	clrf	(??___ftmul+1)& (0+255),c
   621  007BCA  6A15               	clrf	(??___ftmul+2)& (0+255),c
   622  007BCC  340E               	rlcf	___ftmul@f1+1,w,c
   623  007BCE  3613               	rlcf	??___ftmul& (0+255),f,c
   624  007BD0  E301               	bnc	u741
   625  007BD2  8014               	bsf	(??___ftmul+1)& (0+255),0,c
   626  007BD4                     u741:
   627  007BD4  5013               	movf	??___ftmul,w,c
   628  007BD6  6E16               	movwf	___ftmul@exp,c
   629  007BD8  5016               	movf	___ftmul@exp,w,c
   630  007BDA  A4D8               	btfss	status,2,c
   631  007BDC  D007               	goto	l1002
   632  007BDE  0E00               	movlw	0
   633  007BE0  6E0D               	movwf	?___ftmul,c
   634  007BE2  0E00               	movlw	0
   635  007BE4  6E0E               	movwf	?___ftmul+1,c
   636  007BE6  0E00               	movlw	0
   637  007BE8  6E0F               	movwf	?___ftmul+2,c
   638  007BEA  0012               	return	
   639  007BEC                     l1002:
   640  007BEC  C012  F013         	movff	___ftmul@f2+2,??___ftmul
   641  007BF0  6A14               	clrf	(??___ftmul+1)& (0+255),c
   642  007BF2  6A15               	clrf	(??___ftmul+2)& (0+255),c
   643  007BF4  3411               	rlcf	___ftmul@f2+1,w,c
   644  007BF6  3613               	rlcf	??___ftmul& (0+255),f,c
   645  007BF8  E301               	bnc	u761
   646  007BFA  8014               	bsf	(??___ftmul+1)& (0+255),0,c
   647  007BFC                     u761:
   648  007BFC  5013               	movf	??___ftmul,w,c
   649  007BFE  6E1B               	movwf	___ftmul@sign,c
   650  007C00  501B               	movf	___ftmul@sign,w,c
   651  007C02  A4D8               	btfss	status,2,c
   652  007C04  D007               	goto	l1008
   653  007C06  0E00               	movlw	0
   654  007C08  6E0D               	movwf	?___ftmul,c
   655  007C0A  0E00               	movlw	0
   656  007C0C  6E0E               	movwf	?___ftmul+1,c
   657  007C0E  0E00               	movlw	0
   658  007C10  6E0F               	movwf	?___ftmul+2,c
   659  007C12  0012               	return	
   660  007C14                     l1008:
   661  007C14  501B               	movf	___ftmul@sign,w,c
   662  007C16  0F7B               	addlw	123
   663  007C18  2616               	addwf	___ftmul@exp,f,c
   664  007C1A  C00F  F01B         	movff	___ftmul@f1+2,___ftmul@sign
   665  007C1E  5012               	movf	___ftmul@f2+2,w,c
   666  007C20  1A1B               	xorwf	___ftmul@sign,f,c
   667  007C22  0E80               	movlw	128
   668  007C24  161B               	andwf	___ftmul@sign,f,c
   669  007C26  8E0E               	bsf	___ftmul@f1+1,7,c
   670  007C28  8E11               	bsf	___ftmul@f2+1,7,c
   671  007C2A  0EFF               	movlw	255
   672  007C2C  1610               	andwf	___ftmul@f2,f,c
   673  007C2E  0EFF               	movlw	255
   674  007C30  1611               	andwf	___ftmul@f2+1,f,c
   675  007C32  0E00               	movlw	0
   676  007C34  1612               	andwf	___ftmul@f2+2,f,c
   677  007C36  0E00               	movlw	0
   678  007C38  6E17               	movwf	___ftmul@f3_as_product,c
   679  007C3A  0E00               	movlw	0
   680  007C3C  6E18               	movwf	___ftmul@f3_as_product+1,c
   681  007C3E  0E00               	movlw	0
   682  007C40  6E19               	movwf	___ftmul@f3_as_product+2,c
   683  007C42  0E07               	movlw	7
   684  007C44  6E1A               	movwf	___ftmul@cntr,c
   685  007C46                     l1022:
   686  007C46  A00D               	btfss	___ftmul@f1,0,c
   687  007C48  D006               	goto	l1026
   688  007C4A  5010               	movf	___ftmul@f2,w,c
   689  007C4C  2617               	addwf	___ftmul@f3_as_product,f,c
   690  007C4E  5011               	movf	___ftmul@f2+1,w,c
   691  007C50  2218               	addwfc	___ftmul@f3_as_product+1,f,c
   692  007C52  5012               	movf	___ftmul@f2+2,w,c
   693  007C54  2219               	addwfc	___ftmul@f3_as_product+2,f,c
   694  007C56                     l1026:
   695  007C56  90D8               	bcf	status,0,c
   696  007C58  320F               	rrcf	___ftmul@f1+2,f,c
   697  007C5A  320E               	rrcf	___ftmul@f1+1,f,c
   698  007C5C  320D               	rrcf	___ftmul@f1,f,c
   699  007C5E  90D8               	bcf	status,0,c
   700  007C60  3610               	rlcf	___ftmul@f2,f,c
   701  007C62  3611               	rlcf	___ftmul@f2+1,f,c
   702  007C64  3612               	rlcf	___ftmul@f2+2,f,c
   703  007C66  2E1A               	decfsz	___ftmul@cntr,f,c
   704  007C68  D7EE               	goto	l1022
   705  007C6A  0E09               	movlw	9
   706  007C6C  6E1A               	movwf	___ftmul@cntr,c
   707  007C6E                     l1032:
   708  007C6E  A00D               	btfss	___ftmul@f1,0,c
   709  007C70  D006               	goto	l1036
   710  007C72  5010               	movf	___ftmul@f2,w,c
   711  007C74  2617               	addwf	___ftmul@f3_as_product,f,c
   712  007C76  5011               	movf	___ftmul@f2+1,w,c
   713  007C78  2218               	addwfc	___ftmul@f3_as_product+1,f,c
   714  007C7A  5012               	movf	___ftmul@f2+2,w,c
   715  007C7C  2219               	addwfc	___ftmul@f3_as_product+2,f,c
   716  007C7E                     l1036:
   717  007C7E  90D8               	bcf	status,0,c
   718  007C80  320F               	rrcf	___ftmul@f1+2,f,c
   719  007C82  320E               	rrcf	___ftmul@f1+1,f,c
   720  007C84  320D               	rrcf	___ftmul@f1,f,c
   721  007C86  90D8               	bcf	status,0,c
   722  007C88  3219               	rrcf	___ftmul@f3_as_product+2,f,c
   723  007C8A  3218               	rrcf	___ftmul@f3_as_product+1,f,c
   724  007C8C  3217               	rrcf	___ftmul@f3_as_product,f,c
   725  007C8E  2E1A               	decfsz	___ftmul@cntr,f,c
   726  007C90  D7EE               	goto	l1032
   727  007C92  C017  F001         	movff	___ftmul@f3_as_product,___ftpack@arg
   728  007C96  C018  F002         	movff	___ftmul@f3_as_product+1,___ftpack@arg+1
   729  007C9A  C019  F003         	movff	___ftmul@f3_as_product+2,___ftpack@arg+2
   730  007C9E  C016  F004         	movff	___ftmul@exp,___ftpack@exp
   731  007CA2  C01B  F005         	movff	___ftmul@sign,___ftpack@sign
   732  007CA6  EC8B  F03D         	call	___ftpack	;wreg free
   733  007CAA  C001  F00D         	movff	?___ftpack,?___ftmul
   734  007CAE  C002  F00E         	movff	?___ftpack+1,?___ftmul+1
   735  007CB2  C003  F00F         	movff	?___ftpack+2,?___ftmul+2
   736  007CB6  0012               	return	
   737  007CB8                     __end_of___ftmul:
   738                           	opt stack 0
   739                           tblptru	equ	0xFF8
   740                           tblptrh	equ	0xFF7
   741                           tblptrl	equ	0xFF6
   742                           tablat	equ	0xFF5
   743                           postinc0	equ	0xFEE
   744                           postdec1	equ	0xFE5
   745                           fsr1l	equ	0xFE1
   746                           status	equ	0xFD8
   747                           
   748 ;; *************** function ___ftge *****************
   749 ;; Defined at:
   750 ;;		line 4 in file "C:\Program Files (x86)\Microchip\xc8\v1.36\sources\common\ftge.c"
   751 ;; Parameters:    Size  Location     Type
   752 ;;  ff1             3    0[COMRAM] float 
   753 ;;  ff2             3    3[COMRAM] float 
   754 ;; Auto vars:     Size  Location     Type
   755 ;;		None
   756 ;; Return value:  Size  Location     Type
   757 ;;		None               void
   758 ;; Registers used:
   759 ;;		wreg, status,2, status,0
   760 ;; Tracked objects:
   761 ;;		On entry : 0/0
   762 ;;		On exit  : 0/0
   763 ;;		Unchanged: 0/0
   764 ;; Data sizes:     COMRAM   BANK0   BANK1   BANK2   BANK3   BANK4   BANK5   BANK6   BANK7
   765 ;;      Params:         6       0       0       0       0       0       0       0       0
   766 ;;      Locals:         0       0       0       0       0       0       0       0       0
   767 ;;      Temps:          3       0       0       0       0       0       0       0       0
   768 ;;      Totals:         9       0       0       0       0       0       0       0       0
   769 ;;Total ram usage:        9 bytes
   770 ;; Hardware stack levels used:    1
   771 ;; This function calls:
   772 ;;		Nothing
   773 ;; This function is called by:
   774 ;;		_main
   775 ;; This function uses a non-reentrant model
   776 ;;
   777                           
   778                           	psect	text3
   779  007A86                     __ptext3:
   780                           	opt stack 0
   781  007A86                     ___ftge:
   782                           	opt stack 30
   783                           
   784                           ;incstack = 0
   785  007A86  AE03               	btfss	___ftge@ff1+2,7,c
   786  007A88  D016               	goto	l1060
   787  007A8A  C001  F007         	movff	___ftge@ff1,??___ftge
   788  007A8E  C002  F008         	movff	___ftge@ff1+1,??___ftge+1
   789  007A92  C003  F009         	movff	___ftge@ff1+2,??___ftge+2
   790  007A96  1E07               	comf	??___ftge,f,c
   791  007A98  1E08               	comf	??___ftge+1,f,c
   792  007A9A  1E09               	comf	??___ftge+2,f,c
   793  007A9C  2A07               	incf	??___ftge,f,c
   794  007A9E  0E00               	movlw	0
   795  007AA0  2208               	addwfc	??___ftge+1,f,c
   796  007AA2  2209               	addwfc	??___ftge+2,f,c
   797  007AA4  0E00               	movlw	0
   798  007AA6  2407               	addwf	??___ftge,w,c
   799  007AA8  6E01               	movwf	___ftge@ff1,c
   800  007AAA  0E00               	movlw	0
   801  007AAC  2008               	addwfc	??___ftge+1,w,c
   802  007AAE  6E02               	movwf	___ftge@ff1+1,c
   803  007AB0  0E80               	movlw	128
   804  007AB2  2009               	addwfc	??___ftge+2,w,c
   805  007AB4  6E03               	movwf	___ftge@ff1+2,c
   806  007AB6                     l1060:
   807  007AB6  AE06               	btfss	___ftge@ff2+2,7,c
   808  007AB8  D016               	goto	l1064
   809  007ABA  C004  F007         	movff	___ftge@ff2,??___ftge
   810  007ABE  C005  F008         	movff	___ftge@ff2+1,??___ftge+1
   811  007AC2  C006  F009         	movff	___ftge@ff2+2,??___ftge+2
   812  007AC6  1E07               	comf	??___ftge,f,c
   813  007AC8  1E08               	comf	??___ftge+1,f,c
   814  007ACA  1E09               	comf	??___ftge+2,f,c
   815  007ACC  2A07               	incf	??___ftge,f,c
   816  007ACE  0E00               	movlw	0
   817  007AD0  2208               	addwfc	??___ftge+1,f,c
   818  007AD2  2209               	addwfc	??___ftge+2,f,c
   819  007AD4  0E00               	movlw	0
   820  007AD6  2407               	addwf	??___ftge,w,c
   821  007AD8  6E04               	movwf	___ftge@ff2,c
   822  007ADA  0E00               	movlw	0
   823  007ADC  2008               	addwfc	??___ftge+1,w,c
   824  007ADE  6E05               	movwf	___ftge@ff2+1,c
   825  007AE0  0E80               	movlw	128
   826  007AE2  2009               	addwfc	??___ftge+2,w,c
   827  007AE4  6E06               	movwf	___ftge@ff2+2,c
   828  007AE6                     l1064:
   829  007AE6  0E00               	movlw	0
   830  007AE8  1A01               	xorwf	___ftge@ff1,f,c
   831  007AEA  0E00               	movlw	0
   832  007AEC  1A02               	xorwf	___ftge@ff1+1,f,c
   833  007AEE  0E80               	movlw	128
   834  007AF0  1A03               	xorwf	___ftge@ff1+2,f,c
   835  007AF2  0E00               	movlw	0
   836  007AF4  1A04               	xorwf	___ftge@ff2,f,c
   837  007AF6  0E00               	movlw	0
   838  007AF8  1A05               	xorwf	___ftge@ff2+1,f,c
   839  007AFA  0E80               	movlw	128
   840  007AFC  1A06               	xorwf	___ftge@ff2+2,f,c
   841  007AFE  5004               	movf	___ftge@ff2,w,c
   842  007B00  5C01               	subwf	___ftge@ff1,w,c
   843  007B02  5005               	movf	___ftge@ff2+1,w,c
   844  007B04  5802               	subwfb	___ftge@ff1+1,w,c
   845  007B06  5006               	movf	___ftge@ff2+2,w,c
   846  007B08  5803               	subwfb	___ftge@ff1+2,w,c
   847  007B0A  B0D8               	btfsc	status,0,c
   848  007B0C  D002               	goto	l1070
   849  007B0E  90D8               	bcf	status,0,c
   850  007B10  0012               	return	
   851  007B12                     l1070:
   852  007B12  80D8               	bsf	status,0,c
   853  007B14  0012               	return	
   854  007B16                     __end_of___ftge:
   855                           	opt stack 0
   856                           tblptru	equ	0xFF8
   857                           tblptrh	equ	0xFF7
   858                           tblptrl	equ	0xFF6
   859                           tablat	equ	0xFF5
   860                           postinc0	equ	0xFEE
   861                           postdec1	equ	0xFE5
   862                           fsr1l	equ	0xFE1
   863                           status	equ	0xFD8
   864                           
   865 ;; *************** function ___ftadd *****************
   866 ;; Defined at:
   867 ;;		line 86 in file "C:\Program Files (x86)\Microchip\xc8\v1.36\sources\common\ftadd.c"
   868 ;; Parameters:    Size  Location     Type
   869 ;;  f1              3   27[COMRAM] float 
   870 ;;  f2              3   30[COMRAM] float 
   871 ;; Auto vars:     Size  Location     Type
   872 ;;  exp1            1   38[COMRAM] unsigned char 
   873 ;;  exp2            1   37[COMRAM] unsigned char 
   874 ;;  sign            1   36[COMRAM] unsigned char 
   875 ;; Return value:  Size  Location     Type
   876 ;;                  3   27[COMRAM] float 
   877 ;; Registers used:
   878 ;;		wreg, status,2, status,0, cstack
   879 ;; Tracked objects:
   880 ;;		On entry : 0/0
   881 ;;		On exit  : 0/0
   882 ;;		Unchanged: 0/0
   883 ;; Data sizes:     COMRAM   BANK0   BANK1   BANK2   BANK3   BANK4   BANK5   BANK6   BANK7
   884 ;;      Params:         6       0       0       0       0       0       0       0       0
   885 ;;      Locals:         3       0       0       0       0       0       0       0       0
   886 ;;      Temps:          3       0       0       0       0       0       0       0       0
   887 ;;      Totals:        12       0       0       0       0       0       0       0       0
   888 ;;Total ram usage:       12 bytes
   889 ;; Hardware stack levels used:    1
   890 ;; Hardware stack levels required when called:    1
   891 ;; This function calls:
   892 ;;		___ftpack
   893 ;; This function is called by:
   894 ;;		_main
   895 ;; This function uses a non-reentrant model
   896 ;;
   897                           
   898                           	psect	text4
   899  007E54                     __ptext4:
   900                           	opt stack 0
   901  007E54                     ___ftadd:
   902                           	opt stack 29
   903                           
   904                           ;incstack = 0
   905  007E54  C01E  F022         	movff	___ftadd@f1+2,??___ftadd
   906  007E58  6A23               	clrf	(??___ftadd+1)& (0+255),c
   907  007E5A  6A24               	clrf	(??___ftadd+2)& (0+255),c
   908  007E5C  341D               	rlcf	___ftadd@f1+1,w,c
   909  007E5E  3622               	rlcf	??___ftadd& (0+255),f,c
   910  007E60  E301               	bnc	u531
   911  007E62  8023               	bsf	(??___ftadd+1)& (0+255),0,c
   912  007E64                     u531:
   913  007E64  5022               	movf	??___ftadd,w,c
   914  007E66  6E27               	movwf	___ftadd@exp1,c
   915  007E68  C021  F022         	movff	___ftadd@f2+2,??___ftadd
   916  007E6C  6A23               	clrf	(??___ftadd+1)& (0+255),c
   917  007E6E  6A24               	clrf	(??___ftadd+2)& (0+255),c
   918  007E70  3420               	rlcf	___ftadd@f2+1,w,c
   919  007E72  3622               	rlcf	??___ftadd& (0+255),f,c
   920  007E74  E301               	bnc	u541
   921  007E76  8023               	bsf	(??___ftadd+1)& (0+255),0,c
   922  007E78                     u541:
   923  007E78  5022               	movf	??___ftadd,w,c
   924  007E7A  6E26               	movwf	___ftadd@exp2,c
   925  007E7C  5027               	movf	___ftadd@exp1,w,c
   926  007E7E  B4D8               	btfsc	status,2,c
   927  007E80  D00B               	goto	l282
   928  007E82  5026               	movf	___ftadd@exp2,w,c
   929  007E84  5C27               	subwf	___ftadd@exp1,w,c
   930  007E86  B0D8               	btfsc	status,0,c
   931  007E88  D00E               	goto	l934
   932  007E8A  5027               	movf	___ftadd@exp1,w,c
   933  007E8C  0800               	sublw	0
   934  007E8E  2426               	addwf	___ftadd@exp2,w,c
   935  007E90  6E22               	movwf	??___ftadd& (0+255),c
   936  007E92  0E18               	movlw	24
   937  007E94  6422               	cpfsgt	??___ftadd,c
   938  007E96  D007               	goto	l934
   939  007E98                     l282:
   940  007E98  C01F  F01C         	movff	___ftadd@f2,?___ftadd
   941  007E9C  C020  F01D         	movff	___ftadd@f2+1,?___ftadd+1
   942  007EA0  C021  F01E         	movff	___ftadd@f2+2,?___ftadd+2
   943  007EA4  0012               	return	
   944  007EA6                     l934:
   945  007EA6  5026               	movf	___ftadd@exp2,w,c
   946  007EA8  B4D8               	btfsc	status,2,c
   947  007EAA  D00B               	goto	l286
   948  007EAC  5027               	movf	___ftadd@exp1,w,c
   949  007EAE  5C26               	subwf	___ftadd@exp2,w,c
   950  007EB0  B0D8               	btfsc	status,0,c
   951  007EB2  D00E               	goto	l940
   952  007EB4  5026               	movf	___ftadd@exp2,w,c
   953  007EB6  0800               	sublw	0
   954  007EB8  2427               	addwf	___ftadd@exp1,w,c
   955  007EBA  6E22               	movwf	??___ftadd& (0+255),c
   956  007EBC  0E18               	movlw	24
   957  007EBE  6422               	cpfsgt	??___ftadd,c
   958  007EC0  D007               	goto	l940
   959  007EC2                     l286:
   960  007EC2  C01C  F01C         	movff	___ftadd@f1,?___ftadd
   961  007EC6  C01D  F01D         	movff	___ftadd@f1+1,?___ftadd+1
   962  007ECA  C01E  F01E         	movff	___ftadd@f1+2,?___ftadd+2
   963  007ECE  0012               	return	
   964  007ED0                     l940:
   965  007ED0  0E06               	movlw	6
   966  007ED2  6E25               	movwf	___ftadd@sign,c
   967  007ED4  BE1E               	btfsc	___ftadd@f1+2,7,c
   968  007ED6  8E25               	bsf	___ftadd@sign,7,c
   969  007ED8  BE21               	btfsc	___ftadd@f2+2,7,c
   970  007EDA  8C25               	bsf	___ftadd@sign,6,c
   971  007EDC  8E1D               	bsf	___ftadd@f1+1,7,c
   972  007EDE  0EFF               	movlw	255
   973  007EE0  161C               	andwf	___ftadd@f1,f,c
   974  007EE2  0EFF               	movlw	255
   975  007EE4  161D               	andwf	___ftadd@f1+1,f,c
   976  007EE6  0E00               	movlw	0
   977  007EE8  161E               	andwf	___ftadd@f1+2,f,c
   978  007EEA  8E20               	bsf	___ftadd@f2+1,7,c
   979  007EEC  0EFF               	movlw	255
   980  007EEE  161F               	andwf	___ftadd@f2,f,c
   981  007EF0  0EFF               	movlw	255
   982  007EF2  1620               	andwf	___ftadd@f2+1,f,c
   983  007EF4  0E00               	movlw	0
   984  007EF6  1621               	andwf	___ftadd@f2+2,f,c
   985  007EF8  5026               	movf	___ftadd@exp2,w,c
   986  007EFA  5C27               	subwf	___ftadd@exp1,w,c
   987  007EFC  B0D8               	btfsc	status,0,c
   988  007EFE  D01B               	goto	l966
   989  007F00                     l956:
   990  007F00  90D8               	bcf	status,0,c
   991  007F02  361F               	rlcf	___ftadd@f2,f,c
   992  007F04  3620               	rlcf	___ftadd@f2+1,f,c
   993  007F06  3621               	rlcf	___ftadd@f2+2,f,c
   994  007F08  0626               	decf	___ftadd@exp2,f,c
   995  007F0A  5027               	movf	___ftadd@exp1,w,c
   996  007F0C  1826               	xorwf	___ftadd@exp2,w,c
   997  007F0E  B4D8               	btfsc	status,2,c
   998  007F10  D00D               	goto	l964
   999  007F12  0625               	decf	___ftadd@sign,f,c
  1000  007F14  C025  F022         	movff	___ftadd@sign,??___ftadd
  1001  007F18  0E07               	movlw	7
  1002  007F1A  1622               	andwf	??___ftadd,f,c
  1003  007F1C  B4D8               	btfsc	status,2,c
  1004  007F1E  D006               	goto	l964
  1005  007F20  D7EF               	goto	l956
  1006  007F22                     l962:
  1007  007F22  90D8               	bcf	status,0,c
  1008  007F24  321E               	rrcf	___ftadd@f1+2,f,c
  1009  007F26  321D               	rrcf	___ftadd@f1+1,f,c
  1010  007F28  321C               	rrcf	___ftadd@f1,f,c
  1011  007F2A  2A27               	incf	___ftadd@exp1,f,c
  1012  007F2C                     l964:
  1013  007F2C  5026               	movf	___ftadd@exp2,w,c
  1014  007F2E  1827               	xorwf	___ftadd@exp1,w,c
  1015  007F30  B4D8               	btfsc	status,2,c
  1016  007F32  D01F               	goto	l297
  1017  007F34  D7F6               	goto	l962
  1018  007F36                     l966:
  1019  007F36  5027               	movf	___ftadd@exp1,w,c
  1020  007F38  5C26               	subwf	___ftadd@exp2,w,c
  1021  007F3A  B0D8               	btfsc	status,0,c
  1022  007F3C  D01A               	goto	l297
  1023  007F3E                     l968:
  1024  007F3E  90D8               	bcf	status,0,c
  1025  007F40  361C               	rlcf	___ftadd@f1,f,c
  1026  007F42  361D               	rlcf	___ftadd@f1+1,f,c
  1027  007F44  361E               	rlcf	___ftadd@f1+2,f,c
  1028  007F46  0627               	decf	___ftadd@exp1,f,c
  1029  007F48  5027               	movf	___ftadd@exp1,w,c
  1030  007F4A  1826               	xorwf	___ftadd@exp2,w,c
  1031  007F4C  B4D8               	btfsc	status,2,c
  1032  007F4E  D00D               	goto	l976
  1033  007F50  0625               	decf	___ftadd@sign,f,c
  1034  007F52  C025  F022         	movff	___ftadd@sign,??___ftadd
  1035  007F56  0E07               	movlw	7
  1036  007F58  1622               	andwf	??___ftadd,f,c
  1037  007F5A  B4D8               	btfsc	status,2,c
  1038  007F5C  D006               	goto	l976
  1039  007F5E  D7EF               	goto	l968
  1040  007F60                     l974:
  1041  007F60  90D8               	bcf	status,0,c
  1042  007F62  3221               	rrcf	___ftadd@f2+2,f,c
  1043  007F64  3220               	rrcf	___ftadd@f2+1,f,c
  1044  007F66  321F               	rrcf	___ftadd@f2,f,c
  1045  007F68  2A26               	incf	___ftadd@exp2,f,c
  1046  007F6A                     l976:
  1047  007F6A  5026               	movf	___ftadd@exp2,w,c
  1048  007F6C  1827               	xorwf	___ftadd@exp1,w,c
  1049  007F6E  A4D8               	btfss	status,2,c
  1050  007F70  D7F7               	goto	l974
  1051  007F72                     l297:
  1052  007F72  AE25               	btfss	___ftadd@sign,7,c
  1053  007F74  D00C               	goto	l306
  1054  007F76  0EFF               	movlw	255
  1055  007F78  1A1C               	xorwf	___ftadd@f1,f,c
  1056  007F7A  0EFF               	movlw	255
  1057  007F7C  1A1D               	xorwf	___ftadd@f1+1,f,c
  1058  007F7E  0EFF               	movlw	255
  1059  007F80  1A1E               	xorwf	___ftadd@f1+2,f,c
  1060  007F82  0E01               	movlw	1
  1061  007F84  261C               	addwf	___ftadd@f1,f,c
  1062  007F86  0E00               	movlw	0
  1063  007F88  221D               	addwfc	___ftadd@f1+1,f,c
  1064  007F8A  0E00               	movlw	0
  1065  007F8C  221E               	addwfc	___ftadd@f1+2,f,c
  1066  007F8E                     l306:
  1067  007F8E  AC25               	btfss	___ftadd@sign,6,c
  1068  007F90  D00C               	goto	l982
  1069  007F92  0EFF               	movlw	255
  1070  007F94  1A1F               	xorwf	___ftadd@f2,f,c
  1071  007F96  0EFF               	movlw	255
  1072  007F98  1A20               	xorwf	___ftadd@f2+1,f,c
  1073  007F9A  0EFF               	movlw	255
  1074  007F9C  1A21               	xorwf	___ftadd@f2+2,f,c
  1075  007F9E  0E01               	movlw	1
  1076  007FA0  261F               	addwf	___ftadd@f2,f,c
  1077  007FA2  0E00               	movlw	0
  1078  007FA4  2220               	addwfc	___ftadd@f2+1,f,c
  1079  007FA6  0E00               	movlw	0
  1080  007FA8  2221               	addwfc	___ftadd@f2+2,f,c
  1081  007FAA                     l982:
  1082  007FAA  0E00               	movlw	0
  1083  007FAC  6E25               	movwf	___ftadd@sign,c
  1084  007FAE  501C               	movf	___ftadd@f1,w,c
  1085  007FB0  261F               	addwf	___ftadd@f2,f,c
  1086  007FB2  501D               	movf	___ftadd@f1+1,w,c
  1087  007FB4  2220               	addwfc	___ftadd@f2+1,f,c
  1088  007FB6  501E               	movf	___ftadd@f1+2,w,c
  1089  007FB8  2221               	addwfc	___ftadd@f2+2,f,c
  1090  007FBA  AE21               	btfss	___ftadd@f2+2,7,c
  1091  007FBC  D00E               	goto	l992
  1092  007FBE  0EFF               	movlw	255
  1093  007FC0  1A1F               	xorwf	___ftadd@f2,f,c
  1094  007FC2  0EFF               	movlw	255
  1095  007FC4  1A20               	xorwf	___ftadd@f2+1,f,c
  1096  007FC6  0EFF               	movlw	255
  1097  007FC8  1A21               	xorwf	___ftadd@f2+2,f,c
  1098  007FCA  0E01               	movlw	1
  1099  007FCC  261F               	addwf	___ftadd@f2,f,c
  1100  007FCE  0E00               	movlw	0
  1101  007FD0  2220               	addwfc	___ftadd@f2+1,f,c
  1102  007FD2  0E00               	movlw	0
  1103  007FD4  2221               	addwfc	___ftadd@f2+2,f,c
  1104  007FD6  0E01               	movlw	1
  1105  007FD8  6E25               	movwf	___ftadd@sign,c
  1106  007FDA                     l992:
  1107  007FDA  C01F  F001         	movff	___ftadd@f2,___ftpack@arg
  1108  007FDE  C020  F002         	movff	___ftadd@f2+1,___ftpack@arg+1
  1109  007FE2  C021  F003         	movff	___ftadd@f2+2,___ftpack@arg+2
  1110  007FE6  C027  F004         	movff	___ftadd@exp1,___ftpack@exp
  1111  007FEA  C025  F005         	movff	___ftadd@sign,___ftpack@sign
  1112  007FEE  EC8B  F03D         	call	___ftpack	;wreg free
  1113  007FF2  C001  F01C         	movff	?___ftpack,?___ftadd
  1114  007FF6  C002  F01D         	movff	?___ftpack+1,?___ftadd+1
  1115  007FFA  C003  F01E         	movff	?___ftpack+2,?___ftadd+2
  1116  007FFE  0012               	return	
  1117  008000                     __end_of___ftadd:
  1118                           	opt stack 0
  1119                           tblptru	equ	0xFF8
  1120                           tblptrh	equ	0xFF7
  1121                           tblptrl	equ	0xFF6
  1122                           tablat	equ	0xFF5
  1123                           postinc0	equ	0xFEE
  1124                           postdec1	equ	0xFE5
  1125                           fsr1l	equ	0xFE1
  1126                           status	equ	0xFD8
  1127                           
  1128 ;; *************** function ___awtoft *****************
  1129 ;; Defined at:
  1130 ;;		line 32 in file "C:\Program Files (x86)\Microchip\xc8\v1.36\sources\common\awtoft.c"
  1131 ;; Parameters:    Size  Location     Type
  1132 ;;  c               2    8[COMRAM] int 
  1133 ;; Auto vars:     Size  Location     Type
  1134 ;;  sign            1   11[COMRAM] unsigned char 
  1135 ;; Return value:  Size  Location     Type
  1136 ;;                  3    8[COMRAM] float 
  1137 ;; Registers used:
  1138 ;;		wreg, status,2, status,0, cstack
  1139 ;; Tracked objects:
  1140 ;;		On entry : 0/0
  1141 ;;		On exit  : 0/0
  1142 ;;		Unchanged: 0/0
  1143 ;; Data sizes:     COMRAM   BANK0   BANK1   BANK2   BANK3   BANK4   BANK5   BANK6   BANK7
  1144 ;;      Params:         3       0       0       0       0       0       0       0       0
  1145 ;;      Locals:         1       0       0       0       0       0       0       0       0
  1146 ;;      Temps:          0       0       0       0       0       0       0       0       0
  1147 ;;      Totals:         4       0       0       0       0       0       0       0       0
  1148 ;;Total ram usage:        4 bytes
  1149 ;; Hardware stack levels used:    1
  1150 ;; Hardware stack levels required when called:    1
  1151 ;; This function calls:
  1152 ;;		___ftpack
  1153 ;; This function is called by:
  1154 ;;		_main
  1155 ;; This function uses a non-reentrant model
  1156 ;;
  1157                           
  1158                           	psect	text5
  1159  007A4E                     __ptext5:
  1160                           	opt stack 0
  1161  007A4E                     ___awtoft:
  1162                           	opt stack 29
  1163                           
  1164                           ;incstack = 0
  1165  007A4E  0E00               	movlw	0
  1166  007A50  6E0C               	movwf	___awtoft@sign,c
  1167  007A52  AE0A               	btfss	___awtoft@c+1,7,c
  1168  007A54  D006               	goto	l1052
  1169  007A56  6C09               	negf	___awtoft@c,c
  1170  007A58  1E0A               	comf	___awtoft@c+1,f,c
  1171  007A5A  B0D8               	btfsc	status,0,c
  1172  007A5C  2A0A               	incf	___awtoft@c+1,f,c
  1173  007A5E  0E01               	movlw	1
  1174  007A60  6E0C               	movwf	___awtoft@sign,c
  1175  007A62                     l1052:
  1176  007A62  C009  F001         	movff	___awtoft@c,___ftpack@arg
  1177  007A66  C00A  F002         	movff	___awtoft@c+1,___ftpack@arg+1
  1178  007A6A  6A03               	clrf	___ftpack@arg+2,c
  1179  007A6C  0E8E               	movlw	142
  1180  007A6E  6E04               	movwf	___ftpack@exp,c
  1181  007A70  C00C  F005         	movff	___awtoft@sign,___ftpack@sign
  1182  007A74  EC8B  F03D         	call	___ftpack	;wreg free
  1183  007A78  C001  F009         	movff	?___ftpack,?___awtoft
  1184  007A7C  C002  F00A         	movff	?___ftpack+1,?___awtoft+1
  1185  007A80  C003  F00B         	movff	?___ftpack+2,?___awtoft+2
  1186  007A84  0012               	return	
  1187  007A86                     __end_of___awtoft:
  1188                           	opt stack 0
  1189                           tblptru	equ	0xFF8
  1190                           tblptrh	equ	0xFF7
  1191                           tblptrl	equ	0xFF6
  1192                           tablat	equ	0xFF5
  1193                           postinc0	equ	0xFEE
  1194                           postdec1	equ	0xFE5
  1195                           fsr1l	equ	0xFE1
  1196                           status	equ	0xFD8
  1197                           
  1198 ;; *************** function ___ftpack *****************
  1199 ;; Defined at:
  1200 ;;		line 62 in file "C:\Program Files (x86)\Microchip\xc8\v1.36\sources\common\float.c"
  1201 ;; Parameters:    Size  Location     Type
  1202 ;;  arg             3    0[COMRAM] unsigned um
  1203 ;;  exp             1    3[COMRAM] unsigned char 
  1204 ;;  sign            1    4[COMRAM] unsigned char 
  1205 ;; Auto vars:     Size  Location     Type
  1206 ;;		None
  1207 ;; Return value:  Size  Location     Type
  1208 ;;                  3    0[COMRAM] float 
  1209 ;; Registers used:
  1210 ;;		wreg, status,2, status,0
  1211 ;; Tracked objects:
  1212 ;;		On entry : 0/0
  1213 ;;		On exit  : 0/0
  1214 ;;		Unchanged: 0/0
  1215 ;; Data sizes:     COMRAM   BANK0   BANK1   BANK2   BANK3   BANK4   BANK5   BANK6   BANK7
  1216 ;;      Params:         5       0       0       0       0       0       0       0       0
  1217 ;;      Locals:         0       0       0       0       0       0       0       0       0
  1218 ;;      Temps:          3       0       0       0       0       0       0       0       0
  1219 ;;      Totals:         8       0       0       0       0       0       0       0       0
  1220 ;;Total ram usage:        8 bytes
  1221 ;; Hardware stack levels used:    1
  1222 ;; This function calls:
  1223 ;;		Nothing
  1224 ;; This function is called by:
  1225 ;;		___awtoft
  1226 ;;		___ftadd
  1227 ;;		___ftmul
  1228 ;;		___lbtoft
  1229 ;; This function uses a non-reentrant model
  1230 ;;
  1231                           
  1232                           	psect	text6
  1233  007B16                     __ptext6:
  1234                           	opt stack 0
  1235  007B16                     ___ftpack:
  1236                           	opt stack 29
  1237                           
  1238                           ;incstack = 0
  1239  007B16  5004               	movf	___ftpack@exp,w,c
  1240  007B18  B4D8               	btfsc	status,2,c
  1241  007B1A  D005               	goto	l894
  1242  007B1C  5001               	movf	___ftpack@arg,w,c
  1243  007B1E  1002               	iorwf	___ftpack@arg+1,w,c
  1244  007B20  1003               	iorwf	___ftpack@arg+2,w,c
  1245  007B22  A4D8               	btfss	status,2,c
  1246  007B24  D00C               	goto	l900
  1247  007B26                     l894:
  1248  007B26  0E00               	movlw	0
  1249  007B28  6E01               	movwf	?___ftpack,c
  1250  007B2A  0E00               	movlw	0
  1251  007B2C  6E02               	movwf	?___ftpack+1,c
  1252  007B2E  0E00               	movlw	0
  1253  007B30  6E03               	movwf	?___ftpack+2,c
  1254  007B32  0012               	return	
  1255  007B34                     l898:
  1256  007B34  2A04               	incf	___ftpack@exp,f,c
  1257  007B36  90D8               	bcf	status,0,c
  1258  007B38  3203               	rrcf	___ftpack@arg+2,f,c
  1259  007B3A  3202               	rrcf	___ftpack@arg+1,f,c
  1260  007B3C  3201               	rrcf	___ftpack@arg,f,c
  1261  007B3E                     l900:
  1262  007B3E  0E00               	movlw	0
  1263  007B40  1401               	andwf	___ftpack@arg,w,c
  1264  007B42  6E06               	movwf	??___ftpack& (0+255),c
  1265  007B44  0E00               	movlw	0
  1266  007B46  1402               	andwf	___ftpack@arg+1,w,c
  1267  007B48  6E07               	movwf	(??___ftpack+1)& (0+255),c
  1268  007B4A  0EFE               	movlw	254
  1269  007B4C  1403               	andwf	___ftpack@arg+2,w,c
  1270  007B4E  6E08               	movwf	(??___ftpack+2)& (0+255),c
  1271  007B50  5006               	movf	??___ftpack,w,c
  1272  007B52  1007               	iorwf	??___ftpack+1,w,c
  1273  007B54  1008               	iorwf	??___ftpack+2,w,c
  1274  007B56  B4D8               	btfsc	status,2,c
  1275  007B58  D00C               	goto	l906
  1276  007B5A  D7EC               	goto	l898
  1277  007B5C                     l902:
  1278  007B5C  2A04               	incf	___ftpack@exp,f,c
  1279  007B5E  0E01               	movlw	1
  1280  007B60  2601               	addwf	___ftpack@arg,f,c
  1281  007B62  0E00               	movlw	0
  1282  007B64  2202               	addwfc	___ftpack@arg+1,f,c
  1283  007B66  0E00               	movlw	0
  1284  007B68  2203               	addwfc	___ftpack@arg+2,f,c
  1285  007B6A  90D8               	bcf	status,0,c
  1286  007B6C  3203               	rrcf	___ftpack@arg+2,f,c
  1287  007B6E  3202               	rrcf	___ftpack@arg+1,f,c
  1288  007B70  3201               	rrcf	___ftpack@arg,f,c
  1289  007B72                     l906:
  1290  007B72  0E00               	movlw	0
  1291  007B74  1401               	andwf	___ftpack@arg,w,c
  1292  007B76  6E06               	movwf	??___ftpack& (0+255),c
  1293  007B78  0E00               	movlw	0
  1294  007B7A  1402               	andwf	___ftpack@arg+1,w,c
  1295  007B7C  6E07               	movwf	(??___ftpack+1)& (0+255),c
  1296  007B7E  0EFF               	movlw	255
  1297  007B80  1403               	andwf	___ftpack@arg+2,w,c
  1298  007B82  6E08               	movwf	(??___ftpack+2)& (0+255),c
  1299  007B84  5006               	movf	??___ftpack,w,c
  1300  007B86  1007               	iorwf	??___ftpack+1,w,c
  1301  007B88  1008               	iorwf	??___ftpack+2,w,c
  1302  007B8A  B4D8               	btfsc	status,2,c
  1303  007B8C  D006               	goto	l910
  1304  007B8E  D7E6               	goto	l902
  1305  007B90                     l908:
  1306  007B90  0604               	decf	___ftpack@exp,f,c
  1307  007B92  90D8               	bcf	status,0,c
  1308  007B94  3601               	rlcf	___ftpack@arg,f,c
  1309  007B96  3602               	rlcf	___ftpack@arg+1,f,c
  1310  007B98  3603               	rlcf	___ftpack@arg+2,f,c
  1311  007B9A                     l910:
  1312  007B9A  BE02               	btfsc	___ftpack@arg+1,7,c
  1313  007B9C  D003               	goto	l259
  1314  007B9E  0E02               	movlw	2
  1315  007BA0  6004               	cpfslt	___ftpack@exp,c
  1316  007BA2  D7F6               	goto	l908
  1317  007BA4                     l259:
  1318  007BA4  A004               	btfss	___ftpack@exp,0,c
  1319  007BA6  9E02               	bcf	___ftpack@arg+1,7,c
  1320  007BA8  90D8               	bcf	status,0,c
  1321  007BAA  3204               	rrcf	___ftpack@exp,f,c
  1322  007BAC  5004               	movf	___ftpack@exp,w,c
  1323  007BAE  1203               	iorwf	___ftpack@arg+2,f,c
  1324  007BB0  5005               	movf	___ftpack@sign,w,c
  1325  007BB2  A4D8               	btfss	status,2,c
  1326  007BB4  8E03               	bsf	___ftpack@arg+2,7,c
  1327  007BB6  C001  F001         	movff	___ftpack@arg,?___ftpack
  1328  007BBA  C002  F002         	movff	___ftpack@arg+1,?___ftpack+1
  1329  007BBE  C003  F003         	movff	___ftpack@arg+2,?___ftpack+2
  1330  007BC2  0012               	return	
  1331  007BC4                     __end_of___ftpack:
  1332                           	opt stack 0
  1333  0000                     tblptru	equ	0xFF8
  1334                           tblptrh	equ	0xFF7
  1335                           tblptrl	equ	0xFF6
  1336                           tablat	equ	0xFF5
  1337                           postinc0	equ	0xFEE
  1338                           postdec1	equ	0xFE5
  1339                           fsr1l	equ	0xFE1
  1340                           status	equ	0xFD8
  1341                           tblptru	equ	0xFF8
  1342                           tblptrh	equ	0xFF7
  1343                           tblptrl	equ	0xFF6
  1344                           tablat	equ	0xFF5
  1345                           postinc0	equ	0xFEE
  1346                           postdec1	equ	0xFE5
  1347                           fsr1l	equ	0xFE1
  1348                           status	equ	0xFD8
  1349                           
  1350                           	psect	rparam
  1351  0000                     tblptru	equ	0xFF8
  1352                           tblptrh	equ	0xFF7
  1353                           tblptrl	equ	0xFF6
  1354                           tablat	equ	0xFF5
  1355                           postinc0	equ	0xFEE
  1356                           postdec1	equ	0xFE5
  1357                           fsr1l	equ	0xFE1
  1358                           status	equ	0xFD8


Data Sizes:
    Strings     0
    Constant    0
    Data        9
    BSS         0
    Persistent  5
    Stack       0

Auto Spaces:
    Space          Size  Autos    Used
    COMRAM           95     41      55
    BANK0           160      0       0
    BANK1           256      0       0
    BANK2           256      0       0
    BANK3           256      0       0
    BANK4           256      0       0
    BANK5           256      0       0
    BANK6           256      0       0
    BANK7           256      0       0

Pointer List with Targets:

    None.

Critical Paths under _main in COMRAM

    _main->___ftadd
    ___lbtoft->___ftpack
    ___ftmul->___awtoft
    ___ftadd->___ftmul
    ___awtoft->___ftpack

Critical Paths under _main in BANK0

    None.

Critical Paths under _main in BANK1

    None.

Critical Paths under _main in BANK2

    None.

Critical Paths under _main in BANK3

    None.

Critical Paths under _main in BANK4

    None.

Critical Paths under _main in BANK5

    None.

Critical Paths under _main in BANK6

    None.

Critical Paths under _main in BANK7

    None.

Call Graph Tables:

 ---------------------------------------------------------------------------------
 (Depth) Function   	        Calls       Base Space   Used Autos Params    Refs
 ---------------------------------------------------------------------------------
 (0) _main                                                 2     2      0    7662
                                             39 COMRAM     2     2      0
                           ___awtoft
                            ___ftadd
                             ___ftge
                            ___ftmul
                           ___lbtoft
 ---------------------------------------------------------------------------------
 (1) ___lbtoft                                             4     1      3    1399
                                              8 COMRAM     4     1      3
                           ___ftpack
 ---------------------------------------------------------------------------------
 (1) ___ftmul                                             15     9      6    1849
                                             12 COMRAM    15     9      6
                           ___awtoft (ARG)
                           ___ftpack
 ---------------------------------------------------------------------------------
 (1) ___ftge                                               9     3      6     308
                                              0 COMRAM     9     3      6
 ---------------------------------------------------------------------------------
 (1) ___ftadd                                             12     6      6    2595
                                             27 COMRAM    12     6      6
                           ___awtoft (ARG)
                            ___ftmul (ARG)
                           ___ftpack
                           ___lbtoft (ARG)
 ---------------------------------------------------------------------------------
 (1) ___awtoft                                             4     1      3    1511
                                              8 COMRAM     4     1      3
                           ___ftpack
 ---------------------------------------------------------------------------------
 (2) ___ftpack                                             8     3      5    1377
                                              0 COMRAM     8     3      5
 ---------------------------------------------------------------------------------
 Estimated maximum stack depth 2
 ---------------------------------------------------------------------------------

 Call Graph Graphs:

 _main (ROOT)
   ___awtoft
     ___ftpack
   ___ftadd
     ___awtoft (ARG)
       ___ftpack
     ___ftmul (ARG)
       ___awtoft (ARG)
         ___ftpack
       ___ftpack (ARG)
     ___ftpack (ARG)
     ___lbtoft (ARG)
       ___ftpack
   ___ftge
   ___ftmul
     ___awtoft (ARG)
       ___ftpack
     ___ftpack (ARG)
   ___lbtoft
     ___ftpack

 Address spaces:
Name               Size   Autos  Total    Cost      Usage
BIGRAM             7FF      0       0      21        0.0%
EEDATA             100      0       0       0        0.0%
BITBANK7           100      0       0      19        0.0%
BANK7              100      0       0      20        0.0%
BITBANK6           100      0       0      17        0.0%
BANK6              100      0       0      18        0.0%
BITBANK5           100      0       0      15        0.0%
BANK5              100      0       0      16        0.0%
BITBANK4           100      0       0      13        0.0%
BANK4              100      0       0      14        0.0%
BITBANK3           100      0       0      11        0.0%
BANK3              100      0       0      12        0.0%
BITBANK2           100      0       0       9        0.0%
BANK2              100      0       0      10        0.0%
BITBANK1           100      0       0       7        0.0%
BANK1              100      0       0       8        0.0%
BITBANK0            A0      0       0       4        0.0%
BANK0               A0      0       0       5        0.0%
BITCOMRAM           5F      0       0       0        0.0%
COMRAM              5F     29      37       1       57.9%
BITSFR_1             0      0       0      40        0.0%
SFR_1                0      0       0      40        0.0%
BITSFR               0      0       0      40        0.0%
SFR                  0      0       0      40        0.0%
STACK                0      0       0       2        0.0%
NULL                 0      0       0       0        0.0%
ABS                  0      0      37       6        0.0%
DATA                 0      0      37       3        0.0%
CODE                 0      0       0       0        0.0%


Microchip Technology PIC18 Macro Assembler V1.36 build -262312587 
Symbol Table                                                                                   Mon Feb 29 09:19:10 2016

                      _i 0036                       l33 7E12             ___ftadd@exp1 0027  
           ___ftadd@exp2 0026             ___ftadd@sign 0025                      l306 7F8E  
                    l282 7E98                      l259 7BA4                      l286 7EC2  
                    l297 7F72                      l900 7B3E                      l910 7B9A  
                    l902 7B5C                      l906 7B72                      l908 7B90  
                    l940 7ED0                      l934 7EA6                      l962 7F22  
                    l964 7F2C                      l956 7F00                      l894 7B26  
                    l982 7FAA                      l974 7F60                      l966 7F36  
                    l992 7FDA                      l976 7F6A                      l968 7F3E  
                    l898 7B34                      u531 7E64                      u541 7E78  
                    u741 7BD4                      u761 7BFC                      _Cat 0032  
                    _Ans 0033                      _Dog 0030                      _Rat 002D  
                   l1002 7BEC                     l1100 7D92                     l1022 7C46  
                   l1032 7C6E                     l1008 7C14                     l1026 7C56  
                   l1122 7E22                     l1106 7DA4                     l1052 7A62  
                   l1060 7AB6                     l1036 7C7E                     l1116 7DFA  
                   l1070 7B12                     l1118 7E06                     l1064 7AE6  
                   l1082 7CEE                     l1086 7CFE                     l1078 7CB8  
                   _main 7CB8             ___ftpack@arg 0001             ___ftpack@exp 0004  
                   fsr1l 000FE1                     start 0000             ___ftmul@cntr 001A  
           ___param_bank 000010             ___ftmul@sign 001B                    ?_main 0001  
        __end_of___ftadd 8000          __end_of___ftmul 7CB8                    _Mouse 002A  
          ___awtoft@sign 000C            ___ftpack@sign 0005                    tablat 000FF5  
                  status 000FD8          __initialization 7A24             __end_of_main 7E54  
                 ??_main 0028            __activetblptr 000002         __end_of___awtoft 7A86  
       __end_of___ftpack 7BC4         __end_of___lbtoft 7A24                   ___ftge 7A86  
              ??___ftadd 0022                ??___ftmul 0013    ___ftmul@f3_as_product 0017  
           __pdataCOMRAM 002A                   tblptrh 000FF7                   tblptrl 000FF6  
                 tblptru 000FF8               __accesstop 0060  __end_of__initialization 7A44  
             ___ftadd@f1 001C               ___ftadd@f2 001F               ___ftge@ff1 0001  
             ___ftge@ff2 0004            ___rparam_used 000001               ___awtoft@c 0009  
             ___lbtoft@c 000C               ___ftmul@f1 000D               ___ftmul@f2 0010  
         __pcstackCOMRAM 0001               __pnvCOMRAM 0033                  ?___ftge 0001  
              ?___awtoft 0009                ?___ftpack 0001                ?___lbtoft 0009  
                __Hparam 0000                  __Lparam 0000          __size_of___ftge 0090  
                ___ftadd 7E54                  ___ftmul 7BC4                  __pcinit 7A24  
             ??___awtoft 000C               ??___ftpack 0006               ??___lbtoft 000C  
                __ramtop 0800                  __ptext0 7CB8                  __ptext1 7A00  
                __ptext2 7BC4                  __ptext3 7A86                  __ptext4 7E54  
                __ptext5 7A4E                  __ptext6 7B16     end_of_initialization 7A44  
          __Lmediumconst 0000                  postdec1 000FE5                  postinc0 000FEE  
            ___ftmul@exp 0016           __end_of___ftge 7B16            __pidataCOMRAM 79F7  
    start_initialization 7A24                 ??___ftge 0007        __size_of___awtoft 0038  
      __size_of___ftpack 00AE        __size_of___lbtoft 0024                 ?___ftadd 001C  
               ?___ftmul 000D                copy_data0 7A38                 __Hrparam 0000  
               __Lrparam 0000         __size_of___ftadd 01AC         __size_of___ftmul 00F4  
               ___awtoft 7A4E                 ___ftpack 7B16                 ___lbtoft 7A00  
          __size_of_main 019C  
